start
hash_init_off - 6f7050b0
do_hash_off - 6f7050e0
logonproofhash - 6f38ff23
DoPatch - 6f38ff23
DoPatch - 6f37df37
DoPatch - 6f37e563
DoPatch - 6f37e5f6
DoPatch - 6f390068
DoPatch - 6f38fe4d
DoPatch - 6f0dad9d
patches successful.
start
hash_init_off - 6f7050b0
do_hash_off - 6f7050e0
logonproofhash - 6f38ff23
DoPatch - 6f38ff23
DoPatch - 6f37df37
DoPatch - 6f37e563
DoPatch - 6f37e5f6
DoPatch - 6f390068
DoPatch - 6f38fe4d
DoPatch - 6f0dad9d
patches successful.
start
hash_init_off - 6f7050b0
do_hash_off - 6f7050e0
logonproofhash - 6f38ff23
DoPatch - 6f38ff23
DoPatch - 6f37df37
DoPatch - 6f37e563
DoPatch - 6f37e5f6
DoPatch - 6f390068
DoPatch - 6f38fe4d
DoPatch - 6f0dad9d
patches successful.
start
hash_init_off - 6f7050b0
do_hash_off - 6f7050e0
logonproofhash - 6f38ff23
DoPatch - 6f38ff23
DoPatch - 6f37df37
DoPatch - 6f37e563
DoPatch - 6f37e5f6
DoPatch - 6f390068
DoPatch - 6f38fe4d
DoPatch - 6f0dad9d
patches successful.
start
hash_init_off - 6f7050b0
do_hash_off - 6f7050e0
logonproofhash - 6f38ff23
DoPatch - 6f38ff23
DoPatch - 6f37df37
DoPatch - 6f37e563
DoPatch - 6f37e5f6
DoPatch - 6f390068
DoPatch - 6f38fe4d
DoPatch - 6f0dad9d
patches successful.
start
hash_init_off - 6f7050b0
do_hash_off - 6f7050e0
logonproofhash - 6f38ff23
DoPatch - 6f38ff23
DoPatch - 6f37df37
DoPatch - 6f37e563
DoPatch - 6f37e5f6
DoPatch - 6f390068
DoPatch - 6f38fe4d
DoPatch - 6f0dad9d
patches successful.
start
hash_init_off - 6f7050b0
do_hash_off - 6f7050e0
logonproofhash - 6f38ff23
DoPatch - 6f38ff23
DoPatch - 6f37df37
DoPatch - 6f37e563
DoPatch - 6f37e5f6
DoPatch - 6f390068
DoPatch - 6f38fe4d
DoPatch - 6f0dad9d
patches successful.
start
hash_init_off - 6f7050b0
do_hash_off - 6f7050e0
logonproofhash - 6f38ff23
DoPatch - 6f38ff23
DoPatch - 6f37df37
DoPatch - 6f37e563
DoPatch - 6f37e5f6
DoPatch - 6f390068
DoPatch - 6f38fe4d
DoPatch - 6f0dad9d
patches successful.
start
hash_init_off - 6f7050b0
do_hash_off - 6f7050e0
logonproofhash - 6f38ff23
DoPatch - 6f38ff23
DoPatch - 6f37df37
DoPatch - 6f37e563
DoPatch - 6f37e5f6
DoPatch - 6f390068
DoPatch - 6f38fe4d
DoPatch - 6f0dad9d
patches successful.
start
hash_init_off - 6f7050b0
do_hash_off - 6f7050e0
logonproofhash - 6f38ff23
DoPatch - 6f38ff23
DoPatch - 6f37df37
DoPatch - 6f37e563
DoPatch - 6f37e5f6
DoPatch - 6f390068
DoPatch - 6f38fe4d
DoPatch - 6f0dad9d
patches successful.
start
hash_init_off - 6f7050b0
do_hash_off - 6f7050e0
logonproofhash - 6f38ff23
DoPatch - 6f38ff23
DoPatch - 6f37df37
DoPatch - 6f37e563
DoPatch - 6f37e5f6
DoPatch - 6f390068
DoPatch - 6f38fe4d
DoPatch - 6f0dad9d
patches successful.
start
hash_init_off - 6f7050b0
do_hash_off - 6f7050e0
logonproofhash - 6f38ff23
DoPatch - 6f38ff23
DoPatch - 6f37df37
DoPatch - 6f37e563
DoPatch - 6f37e5f6
DoPatch - 6f390068
DoPatch - 6f38fe4d
DoPatch - 6f0dad9d
patches successful.
start
hash_init_off - 6f7050b0
do_hash_off - 6f7050e0
logonproofhash - 6f38ff23
DoPatch - 6f38ff23
DoPatch - 6f37df37
DoPatch - 6f37e563
DoPatch - 6f37e5f6
DoPatch - 6f390068
DoPatch - 6f38fe4d
DoPatch - 6f0dad9d
patches successful.
start
hash_init_off - 6f7050b0
do_hash_off - 6f7050e0
logonproofhash - 6f38ff23
DoPatch - 6f38ff23
DoPatch - 6f37df37
DoPatch - 6f37e563
DoPatch - 6f37e5f6
DoPatch - 6f390068
DoPatch - 6f38fe4d
DoPatch - 6f0dad9d
patches successful.
start
hash_init_off - 6f7050b0
do_hash_off - 6f7050e0
logonproofhash - 6f38ff23
DoPatch - 6f38ff23
DoPatch - 6f37df37
DoPatch - 6f37e563
DoPatch - 6f37e5f6
DoPatch - 6f390068
DoPatch - 6f38fe4d
DoPatch - 6f0dad9d
patches successful.
start
hash_init_off - 6f7050b0
do_hash_off - 6f7050e0
logonproofhash - 6f38ff23
DoPatch - 6f38ff23
DoPatch - 6f37df37
DoPatch - 6f37e563
DoPatch - 6f37e5f6
DoPatch - 6f390068
DoPatch - 6f38fe4d
DoPatch - 6f0dad9d
patches successful.
start
hash_init_off - 6f7050b0
do_hash_off - 6f7050e0
logonproofhash - 6f38ff23
DoPatch - 6f38ff23
DoPatch - 6f37df37
DoPatch - 6f37e563
DoPatch - 6f37e5f6
DoPatch - 6f390068
DoPatch - 6f38fe4d
DoPatch - 6f0dad9d
patches successful.
start
hash_init_off - 6f7050b0
do_hash_off - 6f7050e0
logonproofhash - 6f38ff23
DoPatch - 6f38ff23
DoPatch - 6f37df37
DoPatch - 6f37e563
DoPatch - 6f37e5f6
DoPatch - 6f390068
DoPatch - 6f38fe4d
DoPatch - 6f0dad9d
patches successful.
start
hash_init_off - 6f7050b0
do_hash_off - 6f7050e0
logonproofhash - 6f38ff23
DoPatch - 6f38ff23
DoPatch - 6f37df37
DoPatch - 6f37e563
DoPatch - 6f37e5f6
DoPatch - 6f390068
DoPatch - 6f38fe4d
DoPatch - 6f0dad9d
patches successful.
start
hash_init_off - 6f7050b0
do_hash_off - 6f7050e0
logonproofhash - 6f38ff23
DoPatch - 6f38ff23
DoPatch - 6f37df37
DoPatch - 6f37e563
DoPatch - 6f37e5f6
DoPatch - 6f390068
DoPatch - 6f38fe4d
DoPatch - 6f0dad9d
patches successful.
